\BOOKMARK [1][-]{section.1}{\376\377\0001\000.\000\040\000I\000n\000t\000r\000o\000d\000u\000c\000t\000i\000o\000n}{}% 1
\BOOKMARK [2][-]{subsection.1.1}{\376\377\0001\000.\0001\000.\000\040\000C\000o\000n\000t\000r\000i\000b\000u\000t\000i\000o\000n\000s}{section.1}% 2
\BOOKMARK [1][-]{section.2}{\376\377\0002\000.\000\040\000B\000a\000c\000k\000g\000r\000o\000u\000n\000d}{}% 3
\BOOKMARK [2][-]{subsection.2.1}{\376\377\0002\000.\0001\000.\000\040\000T\000r\000a\000n\000s\000f\000o\000r\000m\000e\000r\000s\000\040\000a\000n\000d\000\040\000A\000r\000i\000t\000h\000m\000e\000t\000i\000c}{section.2}% 4
\BOOKMARK [2][-]{subsection.2.2}{\376\377\0002\000.\0002\000.\000\040\000C\000i\000r\000c\000u\000i\000t\000s\000\040\000a\000s\000\040\000N\000e\000u\000r\000o\000n\000-\000L\000e\000v\000e\000l\000\040\000S\000u\000b\000n\000e\000t\000w\000o\000r\000k\000s}{section.2}% 5
\BOOKMARK [2][-]{subsection.2.3}{\376\377\0002\000.\0003\000.\000\040\000R\000e\000p\000r\000e\000s\000e\000n\000t\000a\000t\000i\000o\000n\000a\000l\000\040\000S\000i\000m\000i\000l\000a\000r\000i\000t\000y}{section.2}% 6
\BOOKMARK [1][-]{section.3}{\376\377\0003\000.\000\040\000R\000e\000l\000a\000t\000e\000d\000\040\000W\000o\000r\000k}{}% 7
\BOOKMARK [1][-]{section.4}{\376\377\0004\000.\000\040\000A\000p\000p\000r\000o\000a\000c\000h}{}% 8
\BOOKMARK [2][-]{subsection.4.1}{\376\377\0004\000.\0001\000.\000\040\000M\000e\000t\000h\000o\000d\000\040\000A\000:\000\040\000F\000u\000n\000c\000t\000i\000o\000n\000a\000l\000\040\000C\000i\000r\000c\000u\000i\000t\000\040\000D\000i\000s\000t\000i\000l\000l\000a\000t\000i\000o\000n\000\040\000v\000i\000a\000\040\000A\000b\000l\000a\000t\000i\000o\000n}{section.4}% 9
\BOOKMARK [2][-]{subsection.4.2}{\376\377\0004\000.\0002\000.\000\040\000M\000e\000t\000h\000o\000d\000\040\000B\000:\000\040\000N\000e\000u\000r\000o\000n\000-\000L\000e\000v\000e\000l\000\040\000C\000i\000r\000c\000u\000i\000t\000\040\000D\000i\000s\000c\000o\000v\000e\000r\000y}{section.4}% 10
\BOOKMARK [1][-]{section.5}{\376\377\0005\000.\000\040\000E\000x\000p\000e\000r\000i\000m\000e\000n\000t\000s\000\040\000a\000n\000d\000\040\000R\000e\000s\000u\000l\000t\000s}{}% 11
\BOOKMARK [2][-]{subsection.5.1}{\376\377\0005\000.\0001\000.\000\040\000E\000x\000p\000e\000r\000i\000m\000e\000n\000t\000a\000l\000\040\000S\000e\000t\000u\000p}{section.5}% 12
\BOOKMARK [2][-]{subsection.5.2}{\376\377\0005\000.\0002\000.\000\040\000D\000i\000s\000t\000i\000l\000l\000a\000t\000i\000o\000n\000\040\000P\000e\000r\000f\000o\000r\000m\000a\000n\000c\000e}{section.5}% 13
\BOOKMARK [2][-]{subsection.5.3}{\376\377\0005\000.\0003\000.\000\040\000T\000r\000a\000i\000n\000i\000n\000g\000\040\000D\000y\000n\000a\000m\000i\000c\000s}{section.5}% 14
\BOOKMARK [2][-]{subsection.5.4}{\376\377\0005\000.\0004\000.\000\040\000H\000y\000p\000e\000r\000p\000a\000r\000a\000m\000e\000t\000e\000r\000\040\000S\000e\000n\000s\000i\000t\000i\000v\000i\000t\000y}{section.5}% 15
\BOOKMARK [2][-]{subsection.5.5}{\376\377\0005\000.\0005\000.\000\040\000N\000e\000u\000r\000o\000n\000-\000L\000e\000v\000e\000l\000\040\000C\000i\000r\000c\000u\000i\000t\000\040\000D\000i\000s\000c\000o\000v\000e\000r\000y}{section.5}% 16
\BOOKMARK [1][-]{section.6}{\376\377\0006\000.\000\040\000D\000i\000s\000c\000u\000s\000s\000i\000o\000n\000\040\000a\000n\000d\000\040\000F\000u\000t\000u\000r\000e\000\040\000W\000o\000r\000k}{}% 17
\BOOKMARK [1][-]{section*.2}{\376\377\000R\000e\000f\000e\000r\000e\000n\000c\000e\000s}{}% 18
\BOOKMARK [1][-]{appendix.A}{\376\377\000A\000p\000p\000e\000n\000d\000i\000x\000\040\000A\000.\000\040\000S\000e\000l\000e\000c\000t\000i\000n\000g\000\040\000t\000h\000e\000\040\000N\000u\000m\000b\000e\000r\000\040\000o\000f\000\040\000C\000l\000u\000s\000t\000e\000r\000s\000\040\000K}{}% 19
\BOOKMARK [1][-]{appendix.B}{\376\377\000A\000p\000p\000e\000n\000d\000i\000x\000\040\000B\000.\000\040\000C\000i\000r\000c\000u\000i\000t\000\040\000D\000i\000s\000c\000o\000v\000e\000r\000y\000\040\000O\000b\000j\000e\000c\000t\000i\000v\000e\000\040\000F\000u\000n\000c\000t\000i\000o\000n\000\040\000\050\000F\000u\000l\000l\000\040\000D\000e\000t\000a\000i\000l\000s\000\051}{}% 20
\BOOKMARK [1][-]{appendix.C}{\376\377\000A\000p\000p\000e\000n\000d\000i\000x\000\040\000C\000.\000\040\000C\000i\000r\000c\000u\000i\000t\000\040\000D\000i\000s\000c\000o\000v\000e\000r\000y\000\040\000A\000r\000c\000h\000i\000t\000e\000c\000t\000u\000r\000e}{}% 21
\BOOKMARK [1][-]{appendix.D}{\376\377\000A\000p\000p\000e\000n\000d\000i\000x\000\040\000D\000.\000\040\000C\000i\000r\000c\000u\000i\000t\000\040\000D\000i\000s\000c\000o\000v\000e\000r\000y\000\040\000T\000r\000a\000i\000n\000i\000n\000g\000\040\000D\000y\000n\000a\000m\000i\000c\000s}{}% 22
\BOOKMARK [1][-]{appendix.E}{\376\377\000A\000p\000p\000e\000n\000d\000i\000x\000\040\000E\000.\000\040\000C\000i\000r\000c\000u\000i\000t\000\040\000D\000i\000s\000t\000i\000l\000l\000a\000t\000i\000o\000n\000\040\000T\000r\000a\000i\000n\000i\000n\000g\000\040\000D\000y\000n\000a\000m\000i\000c\000s}{}% 23
\BOOKMARK [1][-]{appendix.F}{\376\377\000A\000p\000p\000e\000n\000d\000i\000x\000\040\000F\000.\000\040\000H\000y\000p\000e\000r\000p\000a\000r\000a\000m\000e\000t\000e\000r\000\040\000S\000e\000n\000s\000i\000t\000i\000v\000i\000t\000y\000\040\000a\000n\000d\000\040\000F\000a\000i\000l\000e\000d\000\040\000R\000u\000n\000s}{}% 24
\BOOKMARK [1][-]{appendix.G}{\376\377\000A\000p\000p\000e\000n\000d\000i\000x\000\040\000G\000.\000\040\000S\000u\000p\000e\000r\000v\000i\000s\000e\000d\000\040\000C\000i\000r\000c\000u\000i\000t\000\040\000D\000i\000s\000t\000i\000l\000l\000a\000t\000i\000o\000n\000\040\000\050\000B\000e\000a\000t\000i\000n\000g\000\040\000t\000h\000e\000\040\000T\000e\000a\000c\000h\000e\000r\000\051}{}% 25
